<?xml version="1.0" encoding="UTF-8"?>
<testsuite name="testSuites.NewCardYourPileTest" tests="1" skipped="0" failures="0" errors="0" timestamp="2023-10-31T21:13:13" hostname="LAPTOP-V6TDORT5" time="20.461">
  <properties/>
  <testcase name="createACard()" classname="testSuites.NewCardYourPileTest" time="20.461"/>
  <system-out><![CDATA[]]></system-out>
  <system-err><![CDATA[]]></system-err>
</testsuite>
